# JRE version: OpenJDK Runtime Environment (11.0.7+10) (build 11.0.7+10-b765.65)
# Java VM: OpenJDK 64-Bit Server VM (11.0.7+10-b765.65, mixed mode, tiered, compressed oops, g1 gc, bsd-amd64)
Heap:
 garbage-first heap   total 118784K, used 86777K [0x00000007a0000000, 0x0000000800000000)
  region size 1024K, 64 young (65536K), 3 survivors (3072K)
 Metaspace       used 41906K, capacity 43056K, committed 43392K, reserved 1087488K
  class space    used 4706K, capacity 5169K, committed 5248K, reserved 1048576K
GC Heap History (20 events):
Event: 1.673 GC heap after
{Heap after GC invocations=2 (full 0):
 garbage-first heap   total 98304K, used 4634K [0x00000007a0000000, 0x0000000800000000)
  region size 1024K, 1 young (1024K), 1 survivors (1024K)
 Metaspace       used 8237K, capacity 8356K, committed 8448K, reserved 1056768K
  class space    used 697K, capacity 742K, committed 768K, reserved 1048576K
}
Event: 3.058 GC heap before
{Heap before GC invocations=2 (full 0):
 garbage-first heap   total 98304K, used 27162K [0x00000007a0000000, 0x0000000800000000)
  region size 1024K, 23 young (23552K), 1 survivors (1024K)
 Metaspace       used 11073K, capacity 11239K, committed 11392K, reserved 1058816K
  class space    used 1022K, capacity 1108K, committed 1152K, reserved 1048576K
}
Event: 3.063 GC heap after
{Heap after GC invocations=3 (full 0):
 garbage-first heap   total 98304K, used 5115K [0x00000007a0000000, 0x0000000800000000)
  region size 1024K, 2 young (2048K), 2 survivors (2048K)
 Metaspace       used 11073K, capacity 11239K, committed 11392K, reserved 1058816K
  class space    used 1022K, capacity 1108K, committed 1152K, reserved 1048576K
}
Event: 3.964 GC heap before
{Heap before GC invocations=3 (full 0):
 garbage-first heap   total 98304K, used 39931K [0x00000007a0000000, 0x0000000800000000)
  region size 1024K, 36 young (36864K), 2 survivors (2048K)
 Metaspace       used 13747K, capacity 13978K, committed 14336K, reserved 1062912K
  class space    used 1365K, capacity 1428K, committed 1536K, reserved 1048576K
}
Event: 3.972 GC heap after
{Heap after GC invocations=4 (full 0):
 garbage-first heap   total 98304K, used 6233K [0x00000007a0000000, 0x0000000800000000)
  region size 1024K, 3 young (3072K), 3 survivors (3072K)
 Metaspace       used 13747K, capacity 13978K, committed 14336K, reserved 1062912K
  class space    used 1365K, capacity 1428K, committed 1536K, reserved 1048576K
}
Event: 10.332 GC heap before
{Heap before GC invocations=4 (full 0):
 garbage-first heap   total 98304K, used 55385K [0x00000007a0000000, 0x0000000800000000)
  region size 1024K, 51 young (52224K), 3 survivors (3072K)
 Metaspace       used 18395K, capacity 18849K, committed 19072K, reserved 1067008K
  class space    used 1974K, capacity 2125K, committed 2176K, reserved 1048576K
}
Event: 10.343 GC heap after
{Heap after GC invocations=5 (full 0):
 garbage-first heap   total 98304K, used 7395K [0x00000007a0000000, 0x0000000800000000)
  region size 1024K, 4 young (4096K), 4 survivors (4096K)
 Metaspace       used 18395K, capacity 18849K, committed 19072K, reserved 1067008K
  class space    used 1974K, capacity 2125K, committed 2176K, reserved 1048576K
}
Event: 11.225 GC heap before
{Heap before GC invocations=5 (full 0):
 garbage-first heap   total 98304K, used 29923K [0x00000007a0000000, 0x0000000800000000)
  region size 1024K, 27 young (27648K), 4 survivors (4096K)
 Metaspace       used 20559K, capacity 21077K, committed 21248K, reserved 1069056K
  class space    used 2265K, capacity 2463K, committed 2560K, reserved 1048576K
}
Event: 11.236 GC heap after
{Heap after GC invocations=6 (full 0):
 garbage-first heap   total 98304K, used 7800K [0x00000007a0000000, 0x0000000800000000)
  region size 1024K, 4 young (4096K), 4 survivors (4096K)
 Metaspace       used 20559K, capacity 21077K, committed 21248K, reserved 1069056K
  class space    used 2265K, capacity 2463K, committed 2560K, reserved 1048576K
}
Event: 13.370 GC heap before
{Heap before GC invocations=7 (full 0):
 garbage-first heap   total 98304K, used 62072K [0x00000007a0000000, 0x0000000800000000)
  region size 1024K, 57 young (58368K), 4 survivors (4096K)
 Metaspace       used 26098K, capacity 26816K, committed 27136K, reserved 1073152K
  class space    used 2989K, capacity 3241K, committed 3328K, reserved 1048576K
}
Event: 13.388 GC heap after
{Heap after GC invocations=8 (full 0):
 garbage-first heap   total 98304K, used 9542K [0x00000007a0000000, 0x0000000800000000)
  region size 1024K, 6 young (6144K), 6 survivors (6144K)
 Metaspace       used 26098K, capacity 26816K, committed 27136K, reserved 1073152K
  class space    used 2989K, capacity 3241K, committed 3328K, reserved 1048576K
}
Event: 14.870 GC heap before
{Heap before GC invocations=8 (full 0):
 garbage-first heap   total 98304K, used 61766K [0x00000007a0000000, 0x0000000800000000)
  region size 1024K, 57 young (58368K), 6 survivors (6144K)
 Metaspace       used 30691K, capacity 31610K, committed 31744K, reserved 1077248K
  class space    used 3711K, capacity 4058K, committed 4096K, reserved 1048576K
}
Event: 14.893 GC heap after
{Heap after GC invocations=9 (full 0):
 garbage-first heap   total 98304K, used 11187K [0x00000007a0000000, 0x0000000800000000)
  region size 1024K, 6 young (6144K), 6 survivors (6144K)
 Metaspace       used 30691K, capacity 31610K, committed 31744K, reserved 1077248K
  class space    used 3711K, capacity 4058K, committed 4096K, reserved 1048576K
}
Event: 15.839 GC heap before
{Heap before GC invocations=9 (full 0):
 garbage-first heap   total 98304K, used 57267K [0x00000007a0000000, 0x0000000800000000)
  region size 1024K, 51 young (52224K), 6 survivors (6144K)
 Metaspace       used 34707K, capacity 35684K, committed 35840K, reserved 1081344K
  class space    used 4056K, capacity 4458K, committed 4480K, reserved 1048576K
}
Event: 15.852 GC heap after
{Heap after GC invocations=10 (full 0):
 garbage-first heap   total 118784K, used 19600K [0x00000007a0000000, 0x0000000800000000)
  region size 1024K, 8 young (8192K), 8 survivors (8192K)
 Metaspace       used 34707K, capacity 35684K, committed 35840K, reserved 1081344K
  class space    used 4056K, capacity 4458K, committed 4480K, reserved 1048576K
}
Event: 16.572 GC heap before
{Heap before GC invocations=11 (full 0):
 garbage-first heap   total 118784K, used 78992K [0x00000007a0000000, 0x0000000800000000)
  region size 1024K, 67 young (68608K), 8 survivors (8192K)
 Metaspace       used 38653K, capacity 39661K, committed 40064K, reserved 1085440K
  class space    used 4428K, capacity 4865K, committed 4992K, reserved 1048576K
}
Event: 16.587 GC heap after
{Heap after GC invocations=12 (full 0):
 garbage-first heap   total 118784K, used 22203K [0x00000007a0000000, 0x0000000800000000)
  region size 1024K, 3 young (3072K), 3 survivors (3072K)
 Metaspace       used 38653K, capacity 39661K, committed 40064K, reserved 1085440K
  class space    used 4428K, capacity 4865K, committed 4992K, reserved 1048576K
}
Event: 64.834 GC heap before
{Heap before GC invocations=12 (full 0):
 garbage-first heap   total 118784K, used 82619K [0x00000007a0000000, 0x0000000800000000)
  region size 1024K, 63 young (64512K), 3 survivors (3072K)
 Metaspace       used 41557K, capacity 42698K, committed 43136K, reserved 1087488K
  class space    used 4686K, capacity 5145K, committed 5248K, reserved 1048576K
}
Event: 64.842 GC heap after
{Heap after GC invocations=13 (full 0):
 garbage-first heap   total 118784K, used 24313K [0x00000007a0000000, 0x0000000800000000)
  region size 1024K, 5 young (5120K), 5 survivors (5120K)
 Metaspace       used 41557K, capacity 42698K, committed 43136K, reserved 1087488K
  class space    used 4686K, capacity 5145K, committed 5248K, reserved 1048576K
}
Event: 145.053 GC heap before
{Heap before GC invocations=13 (full 0):
 garbage-first heap   total 118784K, used 85753K [0x00000007a0000000, 0x0000000800000000)
  region size 1024K, 66 young (67584K), 5 survivors (5120K)
 Metaspace       used 41906K, capacity 43056K, committed 43392K, reserved 1087488K
  class space    used 4706K, capacity 5169K, committed 5248K, reserved 1048576K
}

