# JRE version: OpenJDK Runtime Environment (11.0.7+10) (build 11.0.7+10-b765.65)
# Java VM: OpenJDK 64-Bit Server VM (11.0.7+10-b765.65, mixed mode, tiered, compressed oops, g1 gc, bsd-amd64)
Heap:
 garbage-first heap   total 98304K, used 59164K [0x00000007a0000000, 0x0000000800000000)
  region size 1024K, 55 young (56320K), 3 survivors (3072K)
 Metaspace       used 17817K, capacity 18276K, committed 18560K, reserved 1064960K
  class space    used 1903K, capacity 2062K, committed 2176K, reserved 1048576K
GC Heap History (7 events):
Event: 1.669 GC heap before
{Heap before GC invocations=0 (full 0):
 garbage-first heap   total 98304K, used 14336K [0x00000007a0000000, 0x0000000800000000)
  region size 1024K, 14 young (14336K), 0 survivors (0K)
 Metaspace       used 8517K, capacity 8701K, committed 8832K, reserved 1056768K
  class space    used 732K, capacity 813K, committed 896K, reserved 1048576K
}
Event: 1.689 GC heap after
{Heap after GC invocations=1 (full 0):
 garbage-first heap   total 98304K, used 3477K [0x00000007a0000000, 0x0000000800000000)
  region size 1024K, 2 young (2048K), 2 survivors (2048K)
 Metaspace       used 8517K, capacity 8701K, committed 8832K, reserved 1056768K
  class space    used 732K, capacity 813K, committed 896K, reserved 1048576K
}
Event: 2.476 GC heap before
{Heap before GC invocations=1 (full 0):
 garbage-first heap   total 98304K, used 15765K [0x00000007a0000000, 0x0000000800000000)
  region size 1024K, 14 young (14336K), 2 survivors (2048K)
 Metaspace       used 9665K, capacity 9853K, committed 10240K, reserved 1058816K
  class space    used 858K, capacity 941K, committed 1024K, reserved 1048576K
}
Event: 2.485 GC heap after
{Heap after GC invocations=2 (full 0):
 garbage-first heap   total 98304K, used 4995K [0x00000007a0000000, 0x0000000800000000)
  region size 1024K, 2 young (2048K), 2 survivors (2048K)
 Metaspace       used 9665K, capacity 9853K, committed 10240K, reserved 1058816K
  class space    used 858K, capacity 941K, committed 1024K, reserved 1048576K
}
Event: 4.381 GC heap before
{Heap before GC invocations=2 (full 0):
 garbage-first heap   total 98304K, used 34691K [0x00000007a0000000, 0x0000000800000000)
  region size 1024K, 31 young (31744K), 2 survivors (2048K)
 Metaspace       used 12494K, capacity 12712K, committed 12800K, reserved 1060864K
  class space    used 1208K, capacity 1280K, committed 1280K, reserved 1048576K
}
Event: 4.388 GC heap after
{Heap after GC invocations=3 (full 0):
 garbage-first heap   total 98304K, used 5916K [0x00000007a0000000, 0x0000000800000000)
  region size 1024K, 3 young (3072K), 3 survivors (3072K)
 Metaspace       used 12494K, capacity 12712K, committed 12800K, reserved 1060864K
  class space    used 1208K, capacity 1280K, committed 1280K, reserved 1048576K
}
Event: 11.805 GC heap before
{Heap before GC invocations=3 (full 0):
 garbage-first heap   total 98304K, used 59164K [0x00000007a0000000, 0x0000000800000000)
  region size 1024K, 55 young (56320K), 3 survivors (3072K)
 Metaspace       used 17817K, capacity 18276K, committed 18560K, reserved 1064960K
  class space    used 1903K, capacity 2062K, committed 2176K, reserved 1048576K
}

